Arguments: 
  C:\Program Files\nodejs\node.exe C:\Program Files (x86)\Yarn\bin\yarn.js add koaCleyton Jesus

PATH: 
  C:\Python310\Scripts\;C:\Python310\;C:\Windows\system32;C:\Windows;C:\Windows\System32\Wbem;C:\Windows\System32\WindowsPowerShell\v1.0\;C:\Windows\System32\OpenSSH\;C:\Program Files\Git\cmd;C:\Program Files\nodejs\;C:\ProgramData\chocolatey\bin;C:\Program Files\dotnet\;C:\Program Files (x86)\Yarn\bin\;C:\Users\CleytoJesus\AppData\Local\Microsoft\WindowsApps;;C:\Users\CleytoJesus\AppData\Local\Programs\Microsoft VS Code\bin;C:\Users\CleytoJesus\AppData\Local\Yarn\bin

Yarn version: 
  1.22.4

Node version: 
  16.14.0

Platform: 
  win32 x64

Trace: 
  Error: https://registry.yarnpkg.com/koaCleyton%20Jesus: Not found
      at Request.params.callback [as _callback] (C:\Program Files (x86)\Yarn\lib\cli.js:66096:18)
      at Request.self.callback (C:\Program Files (x86)\Yarn\lib\cli.js:140748:22)
      at Request.emit (node:events:520:28)
      at Request.<anonymous> (C:\Program Files (x86)\Yarn\lib\cli.js:141720:10)
      at Request.emit (node:events:520:28)
      at IncomingMessage.<anonymous> (C:\Program Files (x86)\Yarn\lib\cli.js:141642:12)
      at Object.onceWrapper (node:events:639:28)
      at IncomingMessage.emit (node:events:532:35)
      at endReadableNT (node:internal/streams/readable:1346:12)
      at processTicksAndRejections (node:internal/process/task_queues:83:21)

npm manifest: 
  {
    "name": "api",
    "version": "0.0.0",
    "main": "index.js",
    "author": {
      "name":"Cleyton Jesus"
    },
    "license": "MIT"
  }

yarn manifest: 
  No manifest

Lockfile: 
  No lockfile
